Added Component: Designator=J1(USB-miniB-socket 4U)
Added Component: Designator=U2(SSOP28-FTDI)
Added Pin To Net: NetName=GND Pin=J1-5
Added Pin To Net: NetName=UART-RX Pin=U2-1
Added Pin To Net: NetName=UART-TX Pin=U2-5
Added Pin To Net: NetName=GND Pin=U2-7
Added Pin To Net: NetName=GND Pin=U2-18
Added Pin To Net: NetName=GND Pin=U2-21
Added Pin To Net: NetName=GND Pin=U2-25
Added Pin To Net: NetName=GND Pin=U2-26
Added Pin To Net: NetName=5V Pin=J1-1
Added Pin To Net: NetName=5V Pin=U2-20
Added Net: Name=5V
Added Pin To Net: NetName=CHASSIS Pin=J1-6
Added Pin To Net: NetName=CHASSIS Pin=J1-7
Added Pin To Net: NetName=CHASSIS Pin=J1-8
Added Pin To Net: NetName=CHASSIS Pin=J1-9
Added Net: Name=CHASSIS
Added Pin To Net: NetName=DTR Pin=U2-2
Added Net: Name=DTR
Added Pin To Net: NetName=NetJ1_2 Pin=J1-2
Added Pin To Net: NetName=NetJ1_2 Pin=U2-16
Added Net: Name=NetJ1_2
Added Pin To Net: NetName=NetJ1_3 Pin=J1-3
Added Pin To Net: NetName=NetJ1_3 Pin=U2-15
Added Net: Name=NetJ1_3
Added Pin To Net: NetName=NetU2_4 Pin=U2-4
Added Pin To Net: NetName=NetU2_4 Pin=U2-17
Added Net: Name=NetU2_4
Added Member To Class: ClassName=PolarGraph Member=Component J1 JJ USB miniB SMD
Added Member To Class: ClassName=PolarGraph Member=Component U2 IC FT232R
