Added Component: Designator=*(CRYSTAL 3.8x10.3)
Added Component: Designator=*(SOT23_3)
Added Component: Designator=C?(CC 0603 (1608 metric))
Added Component: Designator=C?(CC 0603 (1608 metric))
Added Component: Designator=C?(CC 0603 (1608 metric))
Added Component: Designator=C?(CC 0603 (1608 metric))
Added Component: Designator=D?(LED 0805 - RED)
Added Component: Designator=J?(HDR 2X3)
Added Component: Designator=L1(LL 0603 (1608 metric))
Added Component: Designator=R?(RR 0603 (1608 metric))
Added Component: Designator=R?(RR 0603 (1608 metric))
Added Component: Designator=R?(RR 0603 (1608 metric))
Added Component: Designator=R?(RR 0603 (1608 metric))
Added Component: Designator=R?(RR 0603 (1608 metric))
Added Component: Designator=R?(RR 0603 (1608 metric))
Added Component: Designator=R?(RR 0603 (1608 metric))
Added Component: Designator=SW1(Switch-4p PTS645)
Added Component: Designator=SW2(Switch-4p PTS645)
Added Component: Designator=SW3(Switch-4p PTS645)
Added Component: Designator=U1(TQFP32)
Added Pin To Net: NetName=3V3 Pin=C?-1
Added Pin To Net: NetName=3V3 Pin=D?-A
Added Pin To Net: NetName=3V3 Pin=J?-2
Added Pin To Net: NetName=3V3 Pin=L1-2
Added Pin To Net: NetName=3V3 Pin=R?-1
Added Pin To Net: NetName=3V3 Pin=R?-2
Added Pin To Net: NetName=3V3 Pin=R?-2
Added Net: Name=3V3
Added Pin To Net: NetName=BTN1 Pin=SW1-1
Added Pin To Net: NetName=BTN1 Pin=SW1-2
Added Net: Name=BTN1
Added Pin To Net: NetName=BTN2 Pin=SW2-1
Added Pin To Net: NetName=BTN2 Pin=SW2-2
Added Net: Name=BTN2
Added Pin To Net: NetName=BTN3 Pin=SW3-1
Added Pin To Net: NetName=BTN3 Pin=SW3-2
Added Net: Name=BTN3
Added Pin To Net: NetName=GND Pin=*-2
Added Pin To Net: NetName=GND Pin=C?-1
Added Pin To Net: NetName=GND Pin=C?-1
Added Pin To Net: NetName=GND Pin=C?-2
Added Pin To Net: NetName=GND Pin=C?-2
Added Pin To Net: NetName=GND Pin=J?-6
Added Pin To Net: NetName=GND Pin=R?-1
Added Pin To Net: NetName=GND Pin=U1-3
Added Pin To Net: NetName=GND Pin=U1-5
Added Pin To Net: NetName=GND Pin=U1-21
Added Net: Name=GND
Added Pin To Net: NetName=LED Pin=R?-1
Added Net: Name=LED
Added Pin To Net: NetName=MISO Pin=J?-1
Added Pin To Net: NetName=MISO Pin=U1-16
Added Net: Name=MISO
Added Pin To Net: NetName=MOSI Pin=J?-4
Added Pin To Net: NetName=MOSI Pin=U1-15
Added Net: Name=MOSI
Added Pin To Net: NetName=Net*_1 Pin=*-1
Added Pin To Net: NetName=Net*_1 Pin=R?-2
Added Pin To Net: NetName=Net*_1 Pin=R?-2
Added Net: Name=Net*_1
Added Pin To Net: NetName=Net*_3 Pin=*-3
Added Pin To Net: NetName=Net*_3 Pin=R?-1
Added Net: Name=Net*_3
Added Pin To Net: NetName=NetC?_1 Pin=C?-1
Added Pin To Net: NetName=NetC?_1 Pin=L1-1
Added Pin To Net: NetName=NetC?_1 Pin=U1-4
Added Pin To Net: NetName=NetC?_1 Pin=U1-6
Added Pin To Net: NetName=NetC?_1 Pin=U1-18
Added Net: Name=NetC?_1
Added Pin To Net: NetName=NetR?_1 Pin=R?-1
Added Pin To Net: NetName=NetR?_1 Pin=SW3-3
Added Pin To Net: NetName=NetR?_1 Pin=SW3-4
Added Net: Name=NetR?_1
Added Pin To Net: NetName=RESET Pin=J?-5
Added Pin To Net: NetName=RESET Pin=R?-2
Added Pin To Net: NetName=RESET Pin=U1-29
Added Net: Name=RESET
Added Pin To Net: NetName=SCK Pin=J?-3
Added Pin To Net: NetName=SCK Pin=U1-17
Added Net: Name=SCK
Added Pin To Net: NetName=SS Pin=U1-14
Added Net: Name=SS
Added Pin To Net: NetName=UART-RX Pin=U1-30
Added Net: Name=UART-RX
Added Pin To Net: NetName=UART-TX Pin=U1-31
Added Net: Name=UART-TX
Added Class: Name=PolarGraph
Change Room Name: Old Name=ICT_AriaWaterAlarm New Name=PolarGraph
Change Room Scope: Old Scope=InComponentClass('ICT_AriaWaterAlarm') New Scope=InComponentClass('PolarGraph')
