Removed Pin From Net: NetName=RESET Pin=SW4-1
Removed Pin From Net: NetName=RESET Pin=SW4-2
Removed Pin From Net: NetName=GND Pin=SW4-3
Removed Pin From Net: NetName=GND Pin=SW4-4
Removed Member From Class: ClassName=PolarGraph Member=SW4
Added Component: Designator=C14(CC 0603 (1608 metric))
Added Component: Designator=C15(CC 0603 (1608 metric))
Added Component: Designator=C16(CC 0603 (1608 metric))
Added Component: Designator=C17(CC 0603 (1608 metric))
Added Component: Designator=C18(CE 6.6x6.6x5.4)
Added Component: Designator=C19(CC 0603 (1608 metric))
Added Component: Designator=R13(RR 0603 (1608 metric))
Added Component: Designator=R14(RR 0603 (1608 metric))
Added Component: Designator=R15(RR 0603 (1608 metric))
Added Component: Designator=R16(RR 0603 (1608 metric))
Added Component: Designator=R17(RR 0603 (1608 metric))
Added Component: Designator=R18(RR 0603 (1608 metric))
Added Component: Designator=R19(RR 0603 (1608 metric))
Added Component: Designator=R20(RR 0603 (1608 metric))
Added Pin To Net: NetName=12V Pin=C14-1
Added Pin To Net: NetName=12V Pin=C17-1
Added Pin To Net: NetName=12V Pin=C18-1
Added Pin To Net: NetName=GND Pin=C18-2
Added Pin To Net: NetName=GND Pin=C19-1
Added Pin To Net: NetName=12V Pin=C19-2
Added Pin To Net: NetName=GND Pin=R15-2
Added Pin To Net: NetName=GND Pin=R16-2
Added Pin To Net: NetName=GND Pin=R19-2
Added Pin To Net: NetName=GND Pin=R20-2
Added Pin To Net: NetName=12V Pin=U4-4
Added Pin To Net: NetName=12V Pin=U4-11
Added Pin To Net: NetName=GND Pin=U4-14
Added Pin To Net: NetName=DIR-A Pin=U4-20
Added Pin To Net: NetName=EN-A Pin=U4-21
Added Pin To Net: NetName=STEP-A Pin=U4-22
Added Pin To Net: NetName=GND Pin=U4-28
Added Pin To Net: NetName=GND Pin=U4-29
Added Pin To Net: NetName=12V Pin=U5-4
Added Pin To Net: NetName=12V Pin=U5-11
Added Pin To Net: NetName=GND Pin=U5-14
Added Pin To Net: NetName=DIR-B Pin=U5-20
Added Pin To Net: NetName=EN-B Pin=U5-21
Added Pin To Net: NetName=STEP-B Pin=U5-22
Added Pin To Net: NetName=GND Pin=U5-28
Added Pin To Net: NetName=GND Pin=U5-29
Added Pin To Net: NetName=3V3OUTA Pin=R13-2
Added Pin To Net: NetName=3V3OUTA Pin=R14-2
Added Pin To Net: NetName=3V3OUTA Pin=U4-15
Added Net: Name=3V3OUTA
Added Pin To Net: NetName=3V3OUTB Pin=R17-2
Added Pin To Net: NetName=3V3OUTB Pin=R18-2
Added Pin To Net: NetName=3V3OUTB Pin=U5-15
Added Net: Name=3V3OUTB
Added Pin To Net: NetName=MODE0 Pin=U1-26
Added Pin To Net: NetName=MODE0 Pin=U4-24
Added Pin To Net: NetName=MODE0 Pin=U5-24
Added Net: Name=MODE0
Added Pin To Net: NetName=MODE1 Pin=U1-19
Added Pin To Net: NetName=MODE1 Pin=U4-25
Added Pin To Net: NetName=MODE1 Pin=U5-25
Added Net: Name=MODE1
Added Pin To Net: NetName=MODE2 Pin=U1-22
Added Pin To Net: NetName=MODE2 Pin=U4-26
Added Pin To Net: NetName=MODE2 Pin=U5-26
Added Net: Name=MODE2
Added Pin To Net: NetName=MOTORA-OUTA1 Pin=J5-1
Added Pin To Net: NetName=MOTORA-OUTA1 Pin=U4-5
Added Net: Name=MOTORA-OUTA1
Added Pin To Net: NetName=MOTORA-OUTA2 Pin=J5-2
Added Pin To Net: NetName=MOTORA-OUTA2 Pin=U4-7
Added Net: Name=MOTORA-OUTA2
Added Pin To Net: NetName=MOTORA-OUTB1 Pin=J5-4
Added Pin To Net: NetName=MOTORA-OUTB1 Pin=U4-10
Added Net: Name=MOTORA-OUTB1
Added Pin To Net: NetName=MOTORA-OUTB2 Pin=J5-3
Added Pin To Net: NetName=MOTORA-OUTB2 Pin=U4-8
Added Net: Name=MOTORA-OUTB2
Added Pin To Net: NetName=MOTORB-OUTA1 Pin=J5-5
Added Pin To Net: NetName=MOTORB-OUTA1 Pin=U5-5
Added Net: Name=MOTORB-OUTA1
Added Pin To Net: NetName=MOTORB-OUTA2 Pin=J5-6
Added Pin To Net: NetName=MOTORB-OUTA2 Pin=U5-7
Added Net: Name=MOTORB-OUTA2
Added Pin To Net: NetName=MOTORB-OUTB1 Pin=J5-8
Added Pin To Net: NetName=MOTORB-OUTB1 Pin=U5-10
Added Net: Name=MOTORB-OUTB1
Added Pin To Net: NetName=MOTORB-OUTB2 Pin=J5-7
Added Pin To Net: NetName=MOTORB-OUTB2 Pin=U5-8
Added Net: Name=MOTORB-OUTB2
Added Pin To Net: NetName=NetC14_2 Pin=C14-2
Added Pin To Net: NetName=NetC14_2 Pin=U4-3
Added Net: Name=NetC14_2
Added Pin To Net: NetName=NetC15_1 Pin=C15-1
Added Pin To Net: NetName=NetC15_1 Pin=U4-2
Added Net: Name=NetC15_1
Added Pin To Net: NetName=NetC15_2 Pin=C15-2
Added Pin To Net: NetName=NetC15_2 Pin=U4-1
Added Net: Name=NetC15_2
Added Pin To Net: NetName=NetC16_1 Pin=C16-1
Added Pin To Net: NetName=NetC16_1 Pin=U5-2
Added Net: Name=NetC16_1
Added Pin To Net: NetName=NetC16_2 Pin=C16-2
Added Pin To Net: NetName=NetC16_2 Pin=U5-1
Added Net: Name=NetC16_2
Added Pin To Net: NetName=NetC17_2 Pin=C17-2
Added Pin To Net: NetName=NetC17_2 Pin=U5-3
Added Net: Name=NetC17_2
Added Pin To Net: NetName=NetR13_1 Pin=R13-1
Added Pin To Net: NetName=NetR13_1 Pin=U4-18
Added Net: Name=NetR13_1
Added Pin To Net: NetName=NetR14_1 Pin=R14-1
Added Pin To Net: NetName=NetR14_1 Pin=U4-16
Added Pin To Net: NetName=NetR14_1 Pin=U4-17
Added Net: Name=NetR14_1
Added Pin To Net: NetName=NetR15_1 Pin=R15-1
Added Pin To Net: NetName=NetR15_1 Pin=U4-9
Added Net: Name=NetR15_1
Added Pin To Net: NetName=NetR16_1 Pin=R16-1
Added Pin To Net: NetName=NetR16_1 Pin=U4-6
Added Net: Name=NetR16_1
Added Pin To Net: NetName=NetR17_1 Pin=R17-1
Added Pin To Net: NetName=NetR17_1 Pin=U5-18
Added Net: Name=NetR17_1
Added Pin To Net: NetName=NetR18_1 Pin=R18-1
Added Pin To Net: NetName=NetR18_1 Pin=U5-16
Added Pin To Net: NetName=NetR18_1 Pin=U5-17
Added Net: Name=NetR18_1
Added Pin To Net: NetName=NetR19_1 Pin=R19-1
Added Pin To Net: NetName=NetR19_1 Pin=U5-9
Added Net: Name=NetR19_1
Added Pin To Net: NetName=NetR20_1 Pin=R20-1
Added Pin To Net: NetName=NetR20_1 Pin=U5-6
Added Net: Name=NetR20_1
Added Pin To Net: NetName=VREF Pin=U4-12
Added Pin To Net: NetName=VREF Pin=U4-13
Added Pin To Net: NetName=VREF Pin=U5-12
Added Pin To Net: NetName=VREF Pin=U5-13
Added Net: Name=VREF
Added Member To Class: ClassName=PolarGraph Member=Component C14 CC 100nF 0603 10V
Added Member To Class: ClassName=PolarGraph Member=Component C15 CC 10nF 0603 10V
Added Member To Class: ClassName=PolarGraph Member=Component C16 CC 10nF 0603 10V
Added Member To Class: ClassName=PolarGraph Member=Component C17 CC 100nF 0603 10V
Added Member To Class: ClassName=PolarGraph Member=Component C18 CE Electrolytic
Added Member To Class: ClassName=PolarGraph Member=Component C19 CC 10nF 0603 10V
Added Member To Class: ClassName=PolarGraph Member=Component R13 RR 1.5k 0402 5%
Added Member To Class: ClassName=PolarGraph Member=Component R14 RR 1.5k 0402 5%
Added Member To Class: ClassName=PolarGraph Member=Component R15 RR 1.5k 0402 5%
Added Member To Class: ClassName=PolarGraph Member=Component R16 RR 1.5k 0402 5%
Added Member To Class: ClassName=PolarGraph Member=Component R17 RR 1.5k 0402 5%
Added Member To Class: ClassName=PolarGraph Member=Component R18 RR 1.5k 0402 5%
Added Member To Class: ClassName=PolarGraph Member=Component R19 RR 1.5k 0402 5%
Added Member To Class: ClassName=PolarGraph Member=Component R20 RR 1.5k 0402 5%
Added Member To Class: ClassName=PolarGraph Member=Component U4 DRV8825PWP
Added Member To Class: ClassName=PolarGraph Member=Component U5 DRV8825PWP
