Change Component Designator: OldDesignator=C3 NewDesignator=C7
Change Component Designator: OldDesignator=C3 NewDesignator=C8
Change Component Designator: OldDesignator=C3 NewDesignator=C9
Change Component Designator: OldDesignator=C3 NewDesignator=C10
Change Component Designator: OldDesignator=C3 NewDesignator=C11
Change Component Designator: OldDesignator=C? NewDesignator=C12
Change Component Designator: OldDesignator=D? NewDesignator=D1
Change Component Designator: OldDesignator=D? NewDesignator=D2
Change Component Designator: OldDesignator=R8 NewDesignator=R10
Change Component Designator: OldDesignator=R8 NewDesignator=R11
Change Component Designator: OldDesignator=R9 NewDesignator=R12
Change Net Name : Old Net Name=NetC3_1 New Net Name=NetC10_1
Change Net Name : Old Net Name=NetC3_2 New Net Name=NetC8_2
Change Net Name : Old Net Name=NetD?_A New Net Name=NetD1_A
Change Net Name : Old Net Name=NetR8_1 New Net Name=NetR11_1
Added Pin To Net: NetName=NetC7_1 Pin=C7-1
Added Pin To Net: NetName=NetC7_1 Pin=U3-4
Added Net: Name=NetC7_1
Added Pin To Net: NetName=NetC8_1 Pin=C8-1
Added Pin To Net: NetName=NetC8_1 Pin=D2-K
Added Pin To Net: NetName=NetC8_1 Pin=L?-1
Added Pin To Net: NetName=NetC8_1 Pin=U3-8
Added Net: Name=NetC8_1
Added Pin To Net: NetName=NetC9_2 Pin=C9-2
Added Pin To Net: NetName=NetC9_2 Pin=C10-2
Added Pin To Net: NetName=NetC9_2 Pin=U3-6
Added Net: Name=NetC9_2
Added Pin To Net: NetName=NetR8_1 Pin=R8-1
Added Pin To Net: NetName=NetR8_1 Pin=R9-2
Added Pin To Net: NetName=NetR8_1 Pin=U3-3
Added Net: Name=NetR8_1
Added Member To Class: ClassName=PolarGraph Member=Component C7 CC 100nF 0603 10V
Added Member To Class: ClassName=PolarGraph Member=Component C8 CC 100nF 0603 10V
Added Member To Class: ClassName=PolarGraph Member=Component C9 CC 100nF 0603 10V
Added Member To Class: ClassName=PolarGraph Member=Component C10 CC 100nF 0603 10V
Added Member To Class: ClassName=PolarGraph Member=Component C11 CC 100nF 0603 10V
Added Member To Class: ClassName=PolarGraph Member=Component D2 DD 100mA 0603 30V
Added Member To Class: ClassName=PolarGraph Member=Component R10 RR 1k 0402 5%
Added Member To Class: ClassName=PolarGraph Member=Component R11 RR 1k 0402 5%
Added Member To Class: ClassName=PolarGraph Member=Component R12 RR 1k 0402 5%
